This is pdfTeX, Version 3.14159265-2.6-1.40.21 (MiKTeX 20.12) (preloaded format=pdflatex 2021.1.19)  19 JAN 2021 12:09
entering extended mode
**/home/zeusdric/Desktop/cvs/CMU-AFRICA/MyResumeFR/resumev2-FR.tex
(/home/zeusdric/Desktop/cvs/CMU-AFRICA/MyResumeFR/resumev2-FR.tex
LaTeX2e <2020-10-01> patch level 4
L3 programming layer <2021-01-09> xparse <2020-03-03>
(/home/zeusdric/Desktop/cvs/CMU-AFRICA/MyResumeFR/altacv.cls
Document Class: altacv 2020/05/17 AltaCV v1.3.3, yet another alternative class 
for a resume/curriculum vitae.
(/home/zeusdric/.miktex/texmfs/install/tex/latex/base/article.cls
Document Class: article 2020/04/10 v1.4m Standard LaTeX document class
(/home/zeusdric/.miktex/texmfs/install/tex/latex/base/size10.clo
File: size10.clo 2020/04/10 v1.4m Standard LaTeX file (size option)
)
\c@part=\count177
\c@section=\count178
\c@subsection=\count179
\c@subsubsection=\count180
\c@paragraph=\count181
\c@subparagraph=\count182
\c@figure=\count183
\c@table=\count184
\abovecaptionskip=\skip47
\belowcaptionskip=\skip48
\bibindent=\dimen138
)
(/home/zeusdric/.miktex/texmfs/install/tex/latex/pdfx/pdfx.sty
Package: pdfx 2019/02/27 v1.6.3 PDF/X and PDF/A support (CVR/HTH/RRM/PS)
\pdfx@minorversion=\count185

(/home/zeusdric/.miktex/texmfs/install/tex/generic/iftex/iftex.sty
Package: iftex 2020/03/06 v1.0d TeX engine tests
)
(/home/zeusdric/.miktex/texmfs/install/tex/generic/iftex/ifpdf.sty
Package: ifpdf 2019/10/25 v3.4 ifpdf legacy package. Use iftex instead.
)
(/home/zeusdric/.miktex/texmfs/install/tex/generic/iftex/ifxetex.sty
Package: ifxetex 2019/10/25 v0.7 ifxetex legacy package. Use iftex instead.
)
(/home/zeusdric/.miktex/texmfs/install/tex/latex/base/everyshi-ltx.sty
Package: everyshi-ltx 2020/08/17 v1.0a Emulation of the original everyshi packa
ge
with kernel methods
)
(/home/zeusdric/.miktex/texmfs/install/tex/generic/iftex/ifluatex.sty
Package: ifluatex 2019/10/25 v1.5 ifluatex legacy package. Use iftex instead.
){/home/zeusdric/.miktex/texmfs/data/pdftex/config/pdftex.map}
(/home/zeusdric/.miktex/texmfs/install/tex/latex/base/inputenc.sty
Package: inputenc 2020/08/01 v1.3d Input encoding file
\inpenc@prehook=\toks15
\inpenc@posthook=\toks16
)
(/home/zeusdric/.miktex/texmfs/install/tex/latex/pdfx/l8u-penc.def
File: l8u-penc.def 2017/06/23 v0.8 Custom LaTeX file, for UTF8 encoded letters 
and symbols
LaTeX Info: Composite with undeclared \b in encoding L8U on input line 278.
)
\pdfxsafeforxmp@toks=\toks17

(/home/zeusdric/.miktex/texmfs/install/tex/latex/xcolor/xcolor.sty
Package: xcolor 2016/05/11 v2.12 LaTeX color extensions (UK)

(/home/zeusdric/.miktex/texmfs/install/tex/latex/graphics-cfg/color.cfg
File: color.cfg 2016/01/02 v1.6 sample color configuration
)
Package xcolor Info: Driver file: pdftex.def on input line 225.

(/home/zeusdric/.miktex/texmfs/install/tex/latex/graphics-def/pdftex.def
File: pdftex.def 2020/10/05 v1.2a Graphics/color driver for pdftex
)
Package xcolor Info: Model `cmy' substituted by `cmy0' on input line 1348.
Package xcolor Info: Model `hsb' substituted by `rgb' on input line 1352.
Package xcolor Info: Model `RGB' extended on input line 1364.
Package xcolor Info: Model `HTML' substituted by `rgb' on input line 1366.
Package xcolor Info: Model `Hsb' substituted by `hsb' on input line 1367.
Package xcolor Info: Model `tHsb' substituted by `hsb' on input line 1368.
Package xcolor Info: Model `HSB' substituted by `hsb' on input line 1369.
Package xcolor Info: Model `Gray' substituted by `gray' on input line 1370.
Package xcolor Info: Model `wave' substituted by `hsb' on input line 1371.
)
\pdfx@tmptoks=\toks18

(/home/zeusdric/.miktex/texmfs/install/tex/latex/hyperref/hyperref.sty
Package: hyperref 2020-05-15 v7.00e Hypertext links for LaTeX

(/home/zeusdric/.miktex/texmfs/install/tex/generic/ltxcmds/ltxcmds.sty
Package: ltxcmds 2020-05-10 v1.25 LaTeX kernel commands for general use (HO)
)
(/home/zeusdric/.miktex/texmfs/install/tex/generic/pdftexcmds/pdftexcmds.sty
Package: pdftexcmds 2020-06-27 v0.33 Utility functions of pdfTeX for LuaTeX (HO
)

(/home/zeusdric/.miktex/texmfs/install/tex/generic/infwarerr/infwarerr.sty
Package: infwarerr 2019/12/03 v1.5 Providing info/warning/error messages (HO)
)
Package pdftexcmds Info: \pdf@primitive is available.
Package pdftexcmds Info: \pdf@ifprimitive is available.
Package pdftexcmds Info: \pdfdraftmode found.
)
(/home/zeusdric/.miktex/texmfs/install/tex/latex/graphics/keyval.sty
Package: keyval 2014/10/28 v1.15 key=value parser (DPC)
\KV@toks@=\toks19
)
(/home/zeusdric/.miktex/texmfs/install/tex/generic/kvsetkeys/kvsetkeys.sty
Package: kvsetkeys 2019/12/15 v1.18 Key value parser (HO)
)
(/home/zeusdric/.miktex/texmfs/install/tex/generic/kvdefinekeys/kvdefinekeys.st
y
Package: kvdefinekeys 2019-12-19 v1.6 Define keys (HO)
) (/home/zeusdric/.miktex/texmfs/install/tex/generic/pdfescape/pdfescape.sty
Package: pdfescape 2019/12/09 v1.15 Implements pdfTeX's escape features (HO)
)
(/home/zeusdric/.miktex/texmfs/install/tex/latex/hycolor/hycolor.sty
Package: hycolor 2020-01-27 v1.10 Color options for hyperref/bookmark (HO)
)
(/home/zeusdric/.miktex/texmfs/install/tex/latex/letltxmacro/letltxmacro.sty
Package: letltxmacro 2019/12/03 v1.6 Let assignment for LaTeX macros (HO)
)
(/home/zeusdric/.miktex/texmfs/install/tex/latex/auxhook/auxhook.sty
Package: auxhook 2019-12-17 v1.6 Hooks for auxiliary files (HO)
)
(/home/zeusdric/.miktex/texmfs/install/tex/latex/kvoptions/kvoptions.sty
Package: kvoptions 2020-10-07 v3.14 Key value format for package options (HO)
)
\@linkdim=\dimen139
\Hy@linkcounter=\count186
\Hy@pagecounter=\count187

(/home/zeusdric/.miktex/texmfs/install/tex/latex/hyperref/pd1enc.def
File: pd1enc.def 2020-05-15 v7.00e Hyperref: PDFDocEncoding definition (HO)
)
(/home/zeusdric/.miktex/texmfs/install/tex/generic/intcalc/intcalc.sty
Package: intcalc 2019/12/15 v1.3 Expandable calculations with integers (HO)
)
(/home/zeusdric/.miktex/texmfs/install/tex/generic/etexcmds/etexcmds.sty
Package: etexcmds 2019/12/15 v1.7 Avoid name clashes with e-TeX commands (HO)
)
\Hy@SavedSpaceFactor=\count188
Package hyperref Info: Option `pdfa' set `true' on input line 4338.
Package hyperref Info: Hyper figures OFF on input line 4464.
Package hyperref Info: Link nesting OFF on input line 4469.
Package hyperref Info: Hyper index ON on input line 4472.
Package hyperref Info: Plain pages OFF on input line 4479.
Package hyperref Info: Backreferencing OFF on input line 4484.
Package hyperref Info: Implicit mode ON; LaTeX internals redefined.
Package hyperref Info: Bookmarks ON on input line 4717.
\c@Hy@tempcnt=\count189

(/home/zeusdric/.miktex/texmfs/install/tex/latex/url/url.sty
\Urlmuskip=\muskip16
Package: url 2013/09/16  ver 3.4  Verb mode for urls, etc.
)
LaTeX Info: Redefining \url on input line 5076.
\XeTeXLinkMargin=\dimen140

(/home/zeusdric/.miktex/texmfs/install/tex/generic/bitset/bitset.sty
Package: bitset 2019/12/09 v1.3 Handle bit-vector datatype (HO)

(/home/zeusdric/.miktex/texmfs/install/tex/generic/bigintcalc/bigintcalc.sty
Package: bigintcalc 2019/12/15 v1.5 Expandable calculations on big integers (HO
)
))
\Fld@menulength=\count190
\Field@Width=\dimen141
\Fld@charsize=\dimen142
Package hyperref Info: Hyper figures OFF on input line 6347.
Package hyperref Info: Link nesting OFF on input line 6352.
Package hyperref Info: Hyper index ON on input line 6355.
Package hyperref Info: backreferencing OFF on input line 6362.
Package hyperref Info: Link coloring OFF on input line 6367.
Package hyperref Info: Link coloring with OCG OFF on input line 6372.
Package hyperref Info: PDF/A mode ON on input line 6375.
LaTeX Info: Redefining \ref on input line 6417.
LaTeX Info: Redefining \pageref on input line 6421.

(/home/zeusdric/.miktex/texmfs/install/tex/latex/base/atbegshi-ltx.sty
Package: atbegshi-ltx 2020/08/17 v1.0a Emulation of the original atbegshi packa
ge
with kernel methods
)
\Hy@abspage=\count191
\c@Item=\count192
\c@Hfootnote=\count193
)
Package hyperref Info: Driver: hpdftex.

(/home/zeusdric/.miktex/texmfs/install/tex/latex/hyperref/hpdftex.def
File: hpdftex.def 2020-05-15 v7.00e Hyperref driver for pdfTeX

(/home/zeusdric/.miktex/texmfs/install/tex/latex/base/atveryend-ltx.sty
Package: atveryend-ltx 2020/08/19 v1.0a Emulation of the original atvery packag
e
with kernel methods
)
\Fld@listcount=\count194
\c@bookmark@seq@number=\count195

(/home/zeusdric/.miktex/texmfs/install/tex/latex/rerunfilecheck/rerunfilecheck.
sty
Package: rerunfilecheck 2019/12/05 v1.9 Rerun checks for auxiliary files (HO)

(/home/zeusdric/.miktex/texmfs/install/tex/generic/uniquecounter/uniquecounter.
sty
Package: uniquecounter 2019/12/15 v1.4 Provide unlimited unique counter (HO)
)
Package uniquecounter Info: New unique counter `rerunfilecheck' on input line 2
86.
)
\Hy@SectionHShift=\skip49
)
Package hyperref Info: Option `unicode' set `true' on input line 1463.
 (/home/zeusdric/.miktex/texmfs/install/tex/latex/hyperref/puenc.def
File: puenc.def 2020-05-15 v7.00e Hyperref: PDF Unicode definition (HO)
)
(/home/zeusdric/.miktex/texmfs/install/tex/generic/stringenc/stringenc.sty
Package: stringenc 2019/11/29 v1.12 Convert strings between diff. encodings (HO
)
)
Package hyperref Info: Option `psdextra' set `true' on input line 1465.

(/home/zeusdric/.miktex/texmfs/install/tex/latex/hyperref/psdextra.def
File: psdextra.def 2020-05-15 v7.00e Hyperref: Additions to PDF string support
)
(/home/zeusdric/.miktex/texmfs/install/tex/generic/colorprofiles/colorprofiles.
sty
Package: colorprofiles 2018/11/01 v1.0.1 color profiles for PDF/X and PDF/A sup
port

(/home/zeusdric/.miktex/texmfs/install/tex/generic/colorprofiles/colorprofiles.
tex))
(/home/zeusdric/.miktex/texmfs/install/tex/generic/stringenc/se-pdfdoc.def
File: se-pdfdoc.def 2019/11/29 v1.12 stringenc: PDFDocEncoding
)
(/home/zeusdric/.miktex/texmfs/install/tex/latex/pdfx/AdobeColorProfiles.tex)
(/home/zeusdric/.miktex/texmfs/install/tex/latex/pdfx/8bit.def
File: 8bit.def 2008/03/30 v1.1d Input encoding file
)
** pdfx: No file resumev2-FR.xmpdata . Metadata will be incomplete!
<<sRGB.icc>> (/home/zeusdric/.miktex/texmfs/install/tex/latex/pdfx/8bit.def
File: 8bit.def 2008/03/30 v1.1d Input encoding file
)
Package hyperref Info: Option `unicode' set `true' on input line 2411.
Package hyperref Info: Option `unicode' set `true' on input line 2412.

(/home/zeusdric/.miktex/texmfs/install/tex/generic/pdftex/glyphtounicode.tex)
(/home/zeusdric/.miktex/texmfs/install/tex/latex/pdfx/glyphtounicode-cmr.tex)
(/home/zeusdric/.miktex/texmfs/install/tex/latex/pdfx/glyphtounicode-ntx.tex)
(/home/zeusdric/.miktex/texmfs/install/tex/latex/base/ifthen.sty
Package: ifthen 2014/09/29 v1.1c Standard LaTeX ifthen package (DPC)
)
(/home/zeusdric/.miktex/texmfs/install/tex/latex/xmpincl/xmpincl.sty
Package: xmpincl 2008/05/10 v2.2 Include XMP data in pdflatex
)
(/home/zeusdric/.miktex/texmfs/install/tex/latex/pdfx/8bit.def
File: 8bit.def 2008/03/30 v1.1d Input encoding file
)
Using XMP template file: pdfa.xmp
\xmpinclWrite=\write3
\xmpinclRead=\read2
\openout3 = `pdfa.xmpi'.

<<pdfa.xmpi>>)
(/home/zeusdric/.miktex/texmfs/install/tex/latex/geometry/geometry.sty
Package: geometry 2020/01/02 v5.9 Page Geometry

(/home/zeusdric/.miktex/texmfs/install/tex/generic/iftex/ifvtex.sty
Package: ifvtex 2019/10/25 v1.7 ifvtex legacy package. Use iftex instead.
)
\Gm@cnth=\count196
\Gm@cntv=\count197
\c@Gm@tempcnt=\count198
\Gm@bindingoffset=\dimen143
\Gm@wd@mp=\dimen144
\Gm@odd@mp=\dimen145
\Gm@even@mp=\dimen146
\Gm@layoutwidth=\dimen147
\Gm@layoutheight=\dimen148
\Gm@layouthoffset=\dimen149
\Gm@layoutvoffset=\dimen150
\Gm@dimlist=\toks20

(/home/zeusdric/.miktex/texmfs/install/tex/latex/geometry/geometry.cfg))
(/home/zeusdric/.miktex/texmfs/install/tex/latex/fontawesome5/fontawesome5.sty
(/home/zeusdric/.miktex/texmfs/install/tex/latex/l3kernel/expl3.sty
Package: expl3 2021-01-09 L3 programming layer (loader) 

(/home/zeusdric/.miktex/texmfs/install/tex/latex/l3backend/l3backend-pdftex.def
File: l3backend-pdftex.def 2021-01-09 L3 backend support: PDF output (pdfTeX)
\l__kernel_color_stack_int=\count199
\l__pdf_internal_box=\box47
))
Package: fontawesome5 2020/03/24 v5.13.0 Font Awesome 5

(/home/zeusdric/.miktex/texmfs/install/tex/latex/l3packages/l3keys2e/l3keys2e.s
ty
Package: l3keys2e 2020-10-27 LaTeX2e option processing using LaTeX3 keys
)
(/home/zeusdric/.miktex/texmfs/install/tex/latex/l3packages/xparse/xparse.sty
Package: xparse 2020-10-27 L3 Experimental document command parser

(/home/zeusdric/.miktex/texmfs/install/tex/latex/l3packages/xparse/xparse-gener
ic.tex))
(/home/zeusdric/.miktex/texmfs/install/tex/latex/fontawesome5/fontawesome5-gene
ric-helper.sty
Package: fontawesome5-generic-helper 2020/03/24 v5.13.0 non-uTeX helper for fon
tawesome5

(/home/zeusdric/.miktex/texmfs/install/tex/latex/fontawesome5/fontawesome5-mapp
ing.def)))
(/home/zeusdric/.miktex/texmfs/install/tex/latex/koma-script/scrlfile.sty
Package: scrlfile 2020/09/21 v3.32 KOMA-Script package (file load hooks)

(/home/zeusdric/.miktex/texmfs/install/tex/latex/koma-script/scrlfile-hook.sty
Package: scrlfile-hook 2020/09/21 v3.32 KOMA-Script package (using LaTeX hooks)


(/home/zeusdric/.miktex/texmfs/install/tex/latex/koma-script/scrlogo.sty
Package: scrlogo 2020/09/21 v3.32 KOMA-Script package (logo)
)))
(/home/zeusdric/.miktex/texmfs/install/tex/latex/cmap/cmap.sty
Package: cmap 2008/03/06 v1.0h CMap support: searchable PDF
)
(/home/zeusdric/.miktex/texmfs/install/tex/latex/base/inputenc.sty
Package: inputenc 2020/08/01 v1.3d Input encoding file
)
(/home/zeusdric/.miktex/texmfs/install/tex/latex/base/fontenc.sty
Package: fontenc 2020/08/10 v2.0s Standard LaTeX package
<<t1.cmap>>)
(/home/zeusdric/.miktex/texmfs/install/tex/generic/pdftex/glyphtounicode.tex)
(/home/zeusdric/.miktex/texmfs/install/tex/latex/ragged2e/ragged2e.sty
Package: ragged2e 2019/07/28 v2.2 ragged2e Package (MS)

(/home/zeusdric/.miktex/texmfs/install/tex/latex/ms/everysel.sty
Package: everysel 2011/10/28 v1.2 EverySelectfont Package (MS)
)
\CenteringLeftskip=\skip50
\RaggedLeftLeftskip=\skip51
\RaggedRightLeftskip=\skip52
\CenteringRightskip=\skip53
\RaggedLeftRightskip=\skip54
\RaggedRightRightskip=\skip55
\CenteringParfillskip=\skip56
\RaggedLeftParfillskip=\skip57
\RaggedRightParfillskip=\skip58
\JustifyingParfillskip=\skip59
\CenteringParindent=\skip60
\RaggedLeftParindent=\skip61
\RaggedRightParindent=\skip62
\JustifyingParindent=\skip63
)
(/home/zeusdric/.miktex/texmfs/install/tex/latex/pgf/frontendlayer/tikz.sty
(/home/zeusdric/.miktex/texmfs/install/tex/latex/pgf/basiclayer/pgf.sty
(/home/zeusdric/.miktex/texmfs/install/tex/latex/pgf/utilities/pgfrcs.sty
(/home/zeusdric/.miktex/texmfs/install/tex/generic/pgf/utilities/pgfutil-common
.tex
\pgfutil@everybye=\toks21
\pgfutil@tempdima=\dimen151
\pgfutil@tempdimb=\dimen152

(/home/zeusdric/.miktex/texmfs/install/tex/generic/pgf/utilities/pgfutil-common
-lists.tex))
(/home/zeusdric/.miktex/texmfs/install/tex/generic/pgf/utilities/pgfutil-latex.
def
\pgfutil@abb=\box48
)
(/home/zeusdric/.miktex/texmfs/install/tex/generic/pgf/utilities/pgfrcs.code.te
x (/home/zeusdric/.miktex/texmfs/install/tex/generic/pgf/pgf.revision.tex)
Package: pgfrcs 2020/12/27 v3.1.8b (3.1.8b)
))
Package: pgf 2020/12/27 v3.1.8b (3.1.8b)

(/home/zeusdric/.miktex/texmfs/install/tex/latex/pgf/basiclayer/pgfcore.sty
(/home/zeusdric/.miktex/texmfs/install/tex/latex/graphics/graphicx.sty
Package: graphicx 2020/09/09 v1.2b Enhanced LaTeX Graphics (DPC,SPQR)

(/home/zeusdric/.miktex/texmfs/install/tex/latex/graphics/graphics.sty
Package: graphics 2020/08/30 v1.4c Standard LaTeX Graphics (DPC,SPQR)

(/home/zeusdric/.miktex/texmfs/install/tex/latex/graphics/trig.sty
Package: trig 2016/01/03 v1.10 sin cos tan (DPC)
)
(/home/zeusdric/.miktex/texmfs/install/tex/latex/graphics-cfg/graphics.cfg
File: graphics.cfg 2016/06/04 v1.11 sample graphics configuration
)
Package graphics Info: Driver file: pdftex.def on input line 105.
)
\Gin@req@height=\dimen153
\Gin@req@width=\dimen154
)
(/home/zeusdric/.miktex/texmfs/install/tex/latex/pgf/systemlayer/pgfsys.sty
(/home/zeusdric/.miktex/texmfs/install/tex/generic/pgf/systemlayer/pgfsys.code.
tex
Package: pgfsys 2020/12/27 v3.1.8b (3.1.8b)

(/home/zeusdric/.miktex/texmfs/install/tex/generic/pgf/utilities/pgfkeys.code.t
ex
\pgfkeys@pathtoks=\toks22
\pgfkeys@temptoks=\toks23

(/home/zeusdric/.miktex/texmfs/install/tex/generic/pgf/utilities/pgfkeysfiltere
d.code.tex
\pgfkeys@tmptoks=\toks24
))
\pgf@x=\dimen155
\pgf@y=\dimen156
\pgf@xa=\dimen157
\pgf@ya=\dimen158
\pgf@xb=\dimen159
\pgf@yb=\dimen160
\pgf@xc=\dimen161
\pgf@yc=\dimen162
\pgf@xd=\dimen163
\pgf@yd=\dimen164
\w@pgf@writea=\write4
\r@pgf@reada=\read3
\c@pgf@counta=\count266
\c@pgf@countb=\count267
\c@pgf@countc=\count268
\c@pgf@countd=\count269
\t@pgf@toka=\toks25
\t@pgf@tokb=\toks26
\t@pgf@tokc=\toks27
\pgf@sys@id@count=\count270

(/home/zeusdric/.miktex/texmfs/install/tex/generic/pgf/systemlayer/pgf.cfg
File: pgf.cfg 2020/12/27 v3.1.8b (3.1.8b)
)
Driver file for pgf: pgfsys-pdftex.def

(/home/zeusdric/.miktex/texmfs/install/tex/generic/pgf/systemlayer/pgfsys-pdfte
x.def
File: pgfsys-pdftex.def 2020/12/27 v3.1.8b (3.1.8b)

(/home/zeusdric/.miktex/texmfs/install/tex/generic/pgf/systemlayer/pgfsys-commo
n-pdf.def
File: pgfsys-common-pdf.def 2020/12/27 v3.1.8b (3.1.8b)
)))
(/home/zeusdric/.miktex/texmfs/install/tex/generic/pgf/systemlayer/pgfsyssoftpa
th.code.tex
File: pgfsyssoftpath.code.tex 2020/12/27 v3.1.8b (3.1.8b)
\pgfsyssoftpath@smallbuffer@items=\count271
\pgfsyssoftpath@bigbuffer@items=\count272
)
(/home/zeusdric/.miktex/texmfs/install/tex/generic/pgf/systemlayer/pgfsysprotoc
ol.code.tex
File: pgfsysprotocol.code.tex 2020/12/27 v3.1.8b (3.1.8b)
))
(/home/zeusdric/.miktex/texmfs/install/tex/generic/pgf/basiclayer/pgfcore.code.
tex
Package: pgfcore 2020/12/27 v3.1.8b (3.1.8b)

(/home/zeusdric/.miktex/texmfs/install/tex/generic/pgf/math/pgfmath.code.tex
(/home/zeusdric/.miktex/texmfs/install/tex/generic/pgf/math/pgfmathcalc.code.te
x
(/home/zeusdric/.miktex/texmfs/install/tex/generic/pgf/math/pgfmathutil.code.te
x)
(/home/zeusdric/.miktex/texmfs/install/tex/generic/pgf/math/pgfmathparser.code.
tex
\pgfmath@dimen=\dimen165
\pgfmath@count=\count273
\pgfmath@box=\box49
\pgfmath@toks=\toks28
\pgfmath@stack@operand=\toks29
\pgfmath@stack@operation=\toks30
)
(/home/zeusdric/.miktex/texmfs/install/tex/generic/pgf/math/pgfmathfunctions.co
de.tex
(/home/zeusdric/.miktex/texmfs/install/tex/generic/pgf/math/pgfmathfunctions.ba
sic.code.tex)
(/home/zeusdric/.miktex/texmfs/install/tex/generic/pgf/math/pgfmathfunctions.tr
igonometric.code.tex)
(/home/zeusdric/.miktex/texmfs/install/tex/generic/pgf/math/pgfmathfunctions.ra
ndom.code.tex)
(/home/zeusdric/.miktex/texmfs/install/tex/generic/pgf/math/pgfmathfunctions.co
mparison.code.tex)
(/home/zeusdric/.miktex/texmfs/install/tex/generic/pgf/math/pgfmathfunctions.ba
se.code.tex)
(/home/zeusdric/.miktex/texmfs/install/tex/generic/pgf/math/pgfmathfunctions.ro
und.code.tex)
(/home/zeusdric/.miktex/texmfs/install/tex/generic/pgf/math/pgfmathfunctions.mi
sc.code.tex)
(/home/zeusdric/.miktex/texmfs/install/tex/generic/pgf/math/pgfmathfunctions.in
tegerarithmetics.code.tex)))
(/home/zeusdric/.miktex/texmfs/install/tex/generic/pgf/math/pgfmathfloat.code.t
ex
\c@pgfmathroundto@lastzeros=\count274
))
(/home/zeusdric/.miktex/texmfs/install/tex/generic/pgf/math/pgfint.code.tex)
(/home/zeusdric/.miktex/texmfs/install/tex/generic/pgf/basiclayer/pgfcorepoints
.code.tex
File: pgfcorepoints.code.tex 2020/12/27 v3.1.8b (3.1.8b)
\pgf@picminx=\dimen166
\pgf@picmaxx=\dimen167
\pgf@picminy=\dimen168
\pgf@picmaxy=\dimen169
\pgf@pathminx=\dimen170
\pgf@pathmaxx=\dimen171
\pgf@pathminy=\dimen172
\pgf@pathmaxy=\dimen173
\pgf@xx=\dimen174
\pgf@xy=\dimen175
\pgf@yx=\dimen176
\pgf@yy=\dimen177
\pgf@zx=\dimen178
\pgf@zy=\dimen179
)
(/home/zeusdric/.miktex/texmfs/install/tex/generic/pgf/basiclayer/pgfcorepathco
nstruct.code.tex
File: pgfcorepathconstruct.code.tex 2020/12/27 v3.1.8b (3.1.8b)
\pgf@path@lastx=\dimen180
\pgf@path@lasty=\dimen181
)
(/home/zeusdric/.miktex/texmfs/install/tex/generic/pgf/basiclayer/pgfcorepathus
age.code.tex
File: pgfcorepathusage.code.tex 2020/12/27 v3.1.8b (3.1.8b)
\pgf@shorten@end@additional=\dimen182
\pgf@shorten@start@additional=\dimen183
)
(/home/zeusdric/.miktex/texmfs/install/tex/generic/pgf/basiclayer/pgfcorescopes
.code.tex
File: pgfcorescopes.code.tex 2020/12/27 v3.1.8b (3.1.8b)
\pgfpic=\box50
\pgf@hbox=\box51
\pgf@layerbox@main=\box52
\pgf@picture@serial@count=\count275
)
(/home/zeusdric/.miktex/texmfs/install/tex/generic/pgf/basiclayer/pgfcoregraphi
cstate.code.tex
File: pgfcoregraphicstate.code.tex 2020/12/27 v3.1.8b (3.1.8b)
\pgflinewidth=\dimen184
)
(/home/zeusdric/.miktex/texmfs/install/tex/generic/pgf/basiclayer/pgfcoretransf
ormations.code.tex
File: pgfcoretransformations.code.tex 2020/12/27 v3.1.8b (3.1.8b)
\pgf@pt@x=\dimen185
\pgf@pt@y=\dimen186
\pgf@pt@temp=\dimen187
)
(/home/zeusdric/.miktex/texmfs/install/tex/generic/pgf/basiclayer/pgfcorequick.
code.tex
File: pgfcorequick.code.tex 2020/12/27 v3.1.8b (3.1.8b)
)
(/home/zeusdric/.miktex/texmfs/install/tex/generic/pgf/basiclayer/pgfcoreobject
s.code.tex
File: pgfcoreobjects.code.tex 2020/12/27 v3.1.8b (3.1.8b)
)
(/home/zeusdric/.miktex/texmfs/install/tex/generic/pgf/basiclayer/pgfcorepathpr
ocessing.code.tex
File: pgfcorepathprocessing.code.tex 2020/12/27 v3.1.8b (3.1.8b)
)
(/home/zeusdric/.miktex/texmfs/install/tex/generic/pgf/basiclayer/pgfcorearrows
.code.tex
File: pgfcorearrows.code.tex 2020/12/27 v3.1.8b (3.1.8b)
\pgfarrowsep=\dimen188
)
(/home/zeusdric/.miktex/texmfs/install/tex/generic/pgf/basiclayer/pgfcoreshade.
code.tex
File: pgfcoreshade.code.tex 2020/12/27 v3.1.8b (3.1.8b)
\pgf@max=\dimen189
\pgf@sys@shading@range@num=\count276
\pgf@shadingcount=\count277
)
(/home/zeusdric/.miktex/texmfs/install/tex/generic/pgf/basiclayer/pgfcoreimage.
code.tex
File: pgfcoreimage.code.tex 2020/12/27 v3.1.8b (3.1.8b)

(/home/zeusdric/.miktex/texmfs/install/tex/generic/pgf/basiclayer/pgfcoreextern
al.code.tex
File: pgfcoreexternal.code.tex 2020/12/27 v3.1.8b (3.1.8b)
\pgfexternal@startupbox=\box53
))
(/home/zeusdric/.miktex/texmfs/install/tex/generic/pgf/basiclayer/pgfcorelayers
.code.tex
File: pgfcorelayers.code.tex 2020/12/27 v3.1.8b (3.1.8b)
)
(/home/zeusdric/.miktex/texmfs/install/tex/generic/pgf/basiclayer/pgfcoretransp
arency.code.tex
File: pgfcoretransparency.code.tex 2020/12/27 v3.1.8b (3.1.8b)
)
(/home/zeusdric/.miktex/texmfs/install/tex/generic/pgf/basiclayer/pgfcorepatter
ns.code.tex
File: pgfcorepatterns.code.tex 2020/12/27 v3.1.8b (3.1.8b)
)
(/home/zeusdric/.miktex/texmfs/install/tex/generic/pgf/basiclayer/pgfcorerdf.co
de.tex
File: pgfcorerdf.code.tex 2020/12/27 v3.1.8b (3.1.8b)
)))
(/home/zeusdric/.miktex/texmfs/install/tex/generic/pgf/modules/pgfmoduleshapes.
code.tex
File: pgfmoduleshapes.code.tex 2020/12/27 v3.1.8b (3.1.8b)
\pgfnodeparttextbox=\box54
)
(/home/zeusdric/.miktex/texmfs/install/tex/generic/pgf/modules/pgfmoduleplot.co
de.tex
File: pgfmoduleplot.code.tex 2020/12/27 v3.1.8b (3.1.8b)
)
(/home/zeusdric/.miktex/texmfs/install/tex/latex/pgf/compatibility/pgfcomp-vers
ion-0-65.sty
Package: pgfcomp-version-0-65 2020/12/27 v3.1.8b (3.1.8b)
\pgf@nodesepstart=\dimen190
\pgf@nodesepend=\dimen191
)
(/home/zeusdric/.miktex/texmfs/install/tex/latex/pgf/compatibility/pgfcomp-vers
ion-1-18.sty
Package: pgfcomp-version-1-18 2020/12/27 v3.1.8b (3.1.8b)
))
(/home/zeusdric/.miktex/texmfs/install/tex/latex/pgf/utilities/pgffor.sty
(/home/zeusdric/.miktex/texmfs/install/tex/latex/pgf/utilities/pgfkeys.sty
(/home/zeusdric/.miktex/texmfs/install/tex/generic/pgf/utilities/pgfkeys.code.t
ex)) (/home/zeusdric/.miktex/texmfs/install/tex/latex/pgf/math/pgfmath.sty
(/home/zeusdric/.miktex/texmfs/install/tex/generic/pgf/math/pgfmath.code.tex))
(/home/zeusdric/.miktex/texmfs/install/tex/generic/pgf/utilities/pgffor.code.te
x
Package: pgffor 2020/12/27 v3.1.8b (3.1.8b)
 (/home/zeusdric/.miktex/texmfs/install/tex/generic/pgf/math/pgfmath.code.tex)
\pgffor@iter=\dimen192
\pgffor@skip=\dimen193
\pgffor@stack=\toks31
\pgffor@toks=\toks32
))
(/home/zeusdric/.miktex/texmfs/install/tex/generic/pgf/frontendlayer/tikz/tikz.
code.tex
Package: tikz 2020/12/27 v3.1.8b (3.1.8b)

(/home/zeusdric/.miktex/texmfs/install/tex/generic/pgf/libraries/pgflibraryplot
handlers.code.tex
File: pgflibraryplothandlers.code.tex 2020/12/27 v3.1.8b (3.1.8b)
\pgf@plot@mark@count=\count278
\pgfplotmarksize=\dimen194
)
\tikz@lastx=\dimen195
\tikz@lasty=\dimen196
\tikz@lastxsaved=\dimen197
\tikz@lastysaved=\dimen198
\tikz@lastmovetox=\dimen199
\tikz@lastmovetoy=\dimen256
\tikzleveldistance=\dimen257
\tikzsiblingdistance=\dimen258
\tikz@figbox=\box55
\tikz@figbox@bg=\box56
\tikz@tempbox=\box57
\tikz@tempbox@bg=\box58
\tikztreelevel=\count279
\tikznumberofchildren=\count280
\tikznumberofcurrentchild=\count281
\tikz@fig@count=\count282

(/home/zeusdric/.miktex/texmfs/install/tex/generic/pgf/modules/pgfmodulematrix.
code.tex
File: pgfmodulematrix.code.tex 2020/12/27 v3.1.8b (3.1.8b)
\pgfmatrixcurrentrow=\count283
\pgfmatrixcurrentcolumn=\count284
\pgf@matrix@numberofcolumns=\count285
)
\tikz@expandcount=\count286

(/home/zeusdric/.miktex/texmfs/install/tex/generic/pgf/frontendlayer/tikz/libra
ries/tikzlibrarytopaths.code.tex
File: tikzlibrarytopaths.code.tex 2020/12/27 v3.1.8b (3.1.8b)
)))
(/home/zeusdric/.miktex/texmfs/install/tex/generic/pgf/frontendlayer/tikz/libra
ries/tikzlibraryarrows.code.tex
File: tikzlibraryarrows.code.tex 2020/12/27 v3.1.8b (3.1.8b)

(/home/zeusdric/.miktex/texmfs/install/tex/generic/pgf/libraries/pgflibraryarro
ws.code.tex
File: pgflibraryarrows.code.tex 2020/12/27 v3.1.8b (3.1.8b)
\arrowsize=\dimen259
))
(/home/zeusdric/.miktex/texmfs/install/tex/latex/tcolorbox/tcolorbox.sty
Package: tcolorbox 2020/10/09 version 4.42 text color boxes

(/home/zeusdric/.miktex/texmfs/install/tex/latex/latex-tools/verbatim.sty
Package: verbatim 2020-07-07 v1.5u LaTeX2e package for verbatim enhancements
\every@verbatim=\toks33
\verbatim@line=\toks34
\verbatim@in@stream=\read4
)
(/home/zeusdric/.miktex/texmfs/install/tex/latex/environ/environ.sty
Package: environ 2014/05/04 v0.3 A new way to define environments

(/home/zeusdric/.miktex/texmfs/install/tex/latex/trimspaces/trimspaces.sty
Package: trimspaces 2009/09/17 v1.1 Trim spaces around a token list
)
\@envbody=\toks35
)
(/home/zeusdric/.miktex/texmfs/install/tex/latex/etoolbox/etoolbox.sty
Package: etoolbox 2020/10/05 v2.5k e-TeX tools for LaTeX (JAW)
\etb@tempcnta=\count287
)
\tcb@titlebox=\box59
\tcb@upperbox=\box60
\tcb@lowerbox=\box61
\tcb@phantombox=\box62
\c@tcbbreakpart=\count288
\c@tcblayer=\count289
\c@tcolorbox@number=\count290
\tcb@temp=\box63
\tcb@temp=\box64
\tcb@temp=\box65
\tcb@temp=\box66
\tcb@out=\write5
\tcb@record@out=\write6

(/home/zeusdric/.miktex/texmfs/install/tex/latex/tcolorbox/tcbskins.code.tex
Library (tcolorbox): 'tcbskins.code.tex' version '4.42'
\tcb@waterbox=\box67

(/home/zeusdric/.miktex/texmfs/install/tex/latex/tcolorbox/tcbskinsjigsaw.code.
tex
Library (tcolorbox): 'tcbskinsjigsaw.code.tex' version '4.42'
))) (/home/zeusdric/.miktex/texmfs/install/tex/latex/enumitem/enumitem.sty
Package: enumitem 2019/06/20 v3.9 Customized lists
\labelindent=\skip64
\enit@outerparindent=\dimen260
\enit@toks=\toks36
\enit@inbox=\box68
\enit@count@id=\count291
\enitdp@description=\count292
)
(/home/zeusdric/.miktex/texmfs/install/tex/latex/dashrule/dashrule.sty
Package: dashrule 2013/03/28 v1.3 Dashed rules

(/home/zeusdric/.miktex/texmfs/install/tex/latex/ifmtarg/ifmtarg.sty
Package: ifmtarg 2018/04/16 v1.2b check for an empty argument
)
\c@hdr@segments=\count293
)
(/home/zeusdric/.miktex/texmfs/install/tex/latex/multirow/multirow.sty
Package: multirow 2021/01/02 v2.6 Span multiple rows of a table
\multirow@colwidth=\skip65
\multirow@cntb=\count294
\multirow@dima=\skip66
\bigstrutjot=\dimen261
)
(/home/zeusdric/.miktex/texmfs/install/tex/latex/latex-tools/tabularx.sty
Package: tabularx 2020/01/15 v2.11c `tabularx' package (DPC)

(/home/zeusdric/.miktex/texmfs/install/tex/latex/latex-tools/array.sty
Package: array 2020/10/01 v2.5c Tabular extension package (FMi)
\col@sep=\dimen262
\ar@mcellbox=\box69
\extrarowheight=\dimen263
\NC@list=\toks37
\extratabsurround=\skip67
\backup@length=\skip68
\ar@cellbox=\box70
)
\TX@col@width=\dimen264
\TX@old@table=\dimen265
\TX@old@col=\dimen266
\TX@target=\dimen267
\TX@delta=\dimen268
\TX@cols=\count295
\TX@ftn=\toks38
)
(/home/zeusdric/.miktex/texmfs/install/tex/latex/changepage/changepage.sty
Package: changepage 2009/10/20 v1.0c check page and change page layout
\c@cp@cntr=\count296
\cp@tempcnt=\count297
)
\altacv@photos@width=\skip69
\altacv@photo@diam@left=\skip70
\altacv@photo@diam@right=\skip71

(/usr/local/share/miktex-texmf/tex/latex/biblatex/biblatex.sty
Package: biblatex 2020/12/31 v3.16 programmable bibliographies (PK/MW)

(/home/zeusdric/.miktex/texmfs/install/tex/latex/logreq/logreq.sty
Package: logreq 2010/08/04 v1.0 xml request logger
\lrq@indent=\count298

(/home/zeusdric/.miktex/texmfs/install/tex/latex/logreq/logreq.def
File: logreq.def 2010/08/04 v1.0 logreq spec v1.0
))
\c@tabx@nest=\count299
\c@listtotal=\count300
\c@listcount=\count301
\c@liststart=\count302
\c@liststop=\count303
\c@citecount=\count304
\c@citetotal=\count305
\c@multicitecount=\count306
\c@multicitetotal=\count307
\c@instcount=\count308
\c@maxnames=\count309
\c@minnames=\count310
\c@maxitems=\count311
\c@minitems=\count312
\c@citecounter=\count313
\c@maxcitecounter=\count314
\c@savedcitecounter=\count315
\c@uniquelist=\count316
\c@uniquename=\count317
\c@refsection=\count318
\c@refsegment=\count319
\c@maxextratitle=\count320
\c@maxextratitleyear=\count321
\c@maxextraname=\count322
\c@maxextradate=\count323
\c@maxextraalpha=\count324
\c@abbrvpenalty=\count325
\c@highnamepenalty=\count326
\c@lownamepenalty=\count327
\c@maxparens=\count328
\c@parenlevel=\count329
\blx@tempcnta=\count330
\blx@tempcntb=\count331
\blx@tempcntc=\count332
\blx@maxsection=\count333
\blx@maxsegment@0=\count334
\blx@notetype=\count335
\blx@parenlevel@text=\count336
\blx@parenlevel@foot=\count337
\blx@sectionciteorder@0=\count338
\blx@entrysetcounter=\count339
\blx@biblioinstance=\count340
\labelnumberwidth=\skip72
\labelalphawidth=\skip73
\biblabelsep=\skip74
\bibitemsep=\skip75
\bibnamesep=\skip76
\bibinitsep=\skip77
\bibparsep=\skip78
\bibhang=\skip79
\blx@bcfin=\read5
\blx@bcfout=\write7
\blx@langwohyphens=\language1
\c@mincomprange=\count341
\c@maxcomprange=\count342
\c@mincompwidth=\count343
Package biblatex Info: Trying to load biblatex default data model...
Package biblatex Info: ... file 'blx-dm.def' found.

(/usr/local/share/miktex-texmf/tex/latex/biblatex/blx-dm.def
File: blx-dm.def 2020/12/31 v3.16 biblatex localization (PK/MW)
)
Package biblatex Info: Trying to load biblatex style data model...
Package biblatex Info: ... file 'authoryear.dbx' not found.
Package biblatex Info: Trying to load biblatex custom data model...
Package biblatex Info: ... file 'biblatex-dm.cfg' not found.
\c@afterword=\count344
\c@savedafterword=\count345
\c@annotator=\count346
\c@savedannotator=\count347
\c@author=\count348
\c@savedauthor=\count349
\c@bookauthor=\count350
\c@savedbookauthor=\count351
\c@commentator=\count352
\c@savedcommentator=\count353
\c@editor=\count354
\c@savededitor=\count355
\c@editora=\count356
\c@savededitora=\count357
\c@editorb=\count358
\c@savededitorb=\count359
\c@editorc=\count360
\c@savededitorc=\count361
\c@foreword=\count362
\c@savedforeword=\count363
\c@holder=\count364
\c@savedholder=\count365
\c@introduction=\count366
\c@savedintroduction=\count367
\c@namea=\count368
\c@savednamea=\count369
\c@nameb=\count370
\c@savednameb=\count371
\c@namec=\count372
\c@savednamec=\count373
\c@translator=\count374
\c@savedtranslator=\count375
\c@shortauthor=\count376
\c@savedshortauthor=\count377
\c@shorteditor=\count378
\c@savedshorteditor=\count379
\c@labelname=\count380
\c@savedlabelname=\count381
\c@institution=\count382
\c@savedinstitution=\count383
\c@lista=\count384
\c@savedlista=\count385
\c@listb=\count386
\c@savedlistb=\count387
\c@listc=\count388
\c@savedlistc=\count389
\c@listd=\count390
\c@savedlistd=\count391
\c@liste=\count392
\c@savedliste=\count393
\c@listf=\count394
\c@savedlistf=\count395
\c@location=\count396
\c@savedlocation=\count397
\c@organization=\count398
\c@savedorganization=\count399
\c@origlocation=\count400
\c@savedoriglocation=\count401
\c@origpublisher=\count402
\c@savedorigpublisher=\count403
\c@publisher=\count404
\c@savedpublisher=\count405
\c@language=\count406
\c@savedlanguage=\count407
\c@origlanguage=\count408
\c@savedoriglanguage=\count409
\c@pageref=\count410
\c@savedpageref=\count411
\shorthandwidth=\skip80
\shortjournalwidth=\skip81
\shortserieswidth=\skip82
\shorttitlewidth=\skip83
\shortauthorwidth=\skip84
\shorteditorwidth=\skip85
\locallabelnumberwidth=\skip86
\locallabelalphawidth=\skip87
\localshorthandwidth=\skip88
\localshortjournalwidth=\skip89
\localshortserieswidth=\skip90
\localshorttitlewidth=\skip91
\localshortauthorwidth=\skip92
\localshorteditorwidth=\skip93
Package biblatex Info: Trying to load compatibility code...
Package biblatex Info: ... file 'blx-compat.def' found.

(/usr/local/share/miktex-texmf/tex/latex/biblatex/blx-compat.def
File: blx-compat.def 2020/12/31 v3.16 biblatex compatibility (PK/MW)
)
Package biblatex Info: Trying to load generic definitions...
Package biblatex Info: ... file 'biblatex.def' found.

(/usr/local/share/miktex-texmf/tex/latex/biblatex/biblatex.def
File: biblatex.def 2020/12/31 v3.16 biblatex compatibility (PK/MW)
\c@textcitecount=\count412
\c@textcitetotal=\count413
\c@textcitemaxnames=\count414
\c@biburlbigbreakpenalty=\count415
\c@biburlbreakpenalty=\count416
\c@biburlnumpenalty=\count417
\c@biburlucpenalty=\count418
\c@biburllcpenalty=\count419
\biburlbigskip=\muskip17
\biburlnumskip=\muskip18
\biburlucskip=\muskip19
\biburllcskip=\muskip20
\c@smartand=\count420
)
Package biblatex Info: Trying to load bibliography style 'authoryear'...
Package biblatex Info: ... file 'authoryear.bbx' found.

(/usr/local/share/miktex-texmf/tex/latex/biblatex/bbx/authoryear.bbx
File: authoryear.bbx 2020/12/31 v3.16 biblatex bibliography style (PK/MW)
Package biblatex Info: Trying to load bibliography style 'standard'...
Package biblatex Info: ... file 'standard.bbx' found.

(/usr/local/share/miktex-texmf/tex/latex/biblatex/bbx/standard.bbx
File: standard.bbx 2020/12/31 v3.16 biblatex bibliography style (PK/MW)
\c@bbx:relatedcount=\count421
\c@bbx:relatedtotal=\count422
))
Package biblatex Info: Trying to load citation style 'authoryear'...
Package biblatex Info: ... file 'authoryear.cbx' found.

(/usr/local/share/miktex-texmf/tex/latex/biblatex/cbx/authoryear.cbx
File: authoryear.cbx 2020/12/31 v3.16 biblatex citation style (PK/MW)
Package biblatex Info: Redefining '\cite'.
Package biblatex Info: Redefining '\parencite'.
Package biblatex Info: Redefining '\footcite'.
Package biblatex Info: Redefining '\footcitetext'.
Package biblatex Info: Redefining '\smartcite'.
Package biblatex Info: Redefining '\textcite'.
Package biblatex Info: Redefining '\textcites'.
)
Package biblatex Info: Trying to load configuration file...
Package biblatex Info: ... file 'biblatex.cfg' found.

(/usr/local/share/miktex-texmf/tex/latex/biblatex/biblatex.cfg
File: biblatex.cfg 
))
(/home/zeusdric/.miktex/texmfs/install/tex/latex/latex-tools/afterpage.sty
Package: afterpage 2014/10/28 v1.08 After-Page Package (DPC)
\AP@output=\toks39
\AP@partial=\box71
\AP@footins=\box72
))
(/home/zeusdric/.miktex/texmfs/install/tex/latex/base/fontenc.sty
Package: fontenc 2020/08/10 v2.0s Standard LaTeX package
)
(/home/zeusdric/.miktex/texmfs/install/tex/latex/lato/lato.sty
Package: lato 2019/06/20 Style file for Lato.

(/home/zeusdric/.miktex/texmfs/install/tex/latex/fontaxes/fontaxes.sty
Package: fontaxes 2020/07/21 v1.0e Font selection axes
LaTeX Info: Redefining \upshape on input line 29.
LaTeX Info: Redefining \itshape on input line 31.
LaTeX Info: Redefining \slshape on input line 33.
LaTeX Info: Redefining \swshape on input line 35.
LaTeX Info: Redefining \scshape on input line 37.
LaTeX Info: Redefining \sscshape on input line 39.
LaTeX Info: Redefining \ulcshape on input line 41.
LaTeX Info: Redefining \textsw on input line 47.
LaTeX Info: Redefining \textssc on input line 48.
LaTeX Info: Redefining \textulc on input line 49.
)
(/home/zeusdric/.miktex/texmfs/install/tex/latex/xkeyval/xkeyval.sty
Package: xkeyval 2020/11/20 v2.8 package option processing (HA)

(/home/zeusdric/.miktex/texmfs/install/tex/generic/xkeyval/xkeyval.tex
(/home/zeusdric/.miktex/texmfs/install/tex/generic/xkeyval/xkvutils.tex
\XKV@toks=\toks40
\XKV@tempa@toks=\toks41
)
\XKV@depth=\count423
File: xkeyval.tex 2014/12/03 v2.7a key=value parser (HA)
)))
(/home/zeusdric/.miktex/texmfs/install/tex/generic/genmisc/nth.sty
Package: nth 2002/02/27
)
(/home/zeusdric/.miktex/texmfs/install/tex/generic/babel/babel.sty
Package: babel 2020/12/16 3.52 The Babel package

(/home/zeusdric/.miktex/texmfs/install/tex/generic/babel/babel.def
File: babel.def 2020/12/16 3.52 Babel common definitions
\babel@savecnt=\count424
\U@D=\dimen269
\l@babelnohyphens=\language2

(/home/zeusdric/.miktex/texmfs/install/tex/generic/babel/txtbabel.def)
\bbl@readstream=\read6
)
\bbl@dirlevel=\count425

*************************************
* Local config file bblopts.cfg used
*
(/home/zeusdric/.miktex/texmfs/install/tex/latex/arabi/bblopts.cfg
File: bblopts.cfg 2005/09/08 v0.1 add Arabic and Farsi to "declared" options of
 babel
)
(/home/zeusdric/.miktex/texmfs/install/tex/generic/babel-french/french.ldf
Language: french 2020/10/10 v3.5l French support from the babel system


Package babel Warning: No hyphenation patterns were preloaded for
(babel)                the language `French' into the format.
(babel)                Please, configure your TeX system to add them and
(babel)                rebuild the format. Now I will use the patterns
(babel)                preloaded for \language=nohyphenation instead on input l
ine 87.

\FB@nonchar=\count426
Package babel Info: Making : an active character on input line 430.
Package babel Info: Making ; an active character on input line 431.
Package babel Info: Making ! an active character on input line 432.
Package babel Info: Making ? an active character on input line 433.
\FBguill@level=\count427
\FBold@everypar=\toks42
\FB@Mht=\dimen270
\mc@charclass=\count428
\mc@charfam=\count429
\mc@charslot=\count430
\std@mcc=\count431
\dec@mcc=\count432
\listindentFB=\dimen271
\descindentFB=\dimen272
\labelindentFB=\dimen273
\labelwidthFB=\dimen274
\leftmarginFB=\dimen275
\parindentFFN=\dimen276
\FBfnindent=\dimen277
)) (/home/zeusdric/.miktex/texmfs/install/tex/latex/carlisle/scalefnt.sty)
Package hyperref Info: Option `colorlinks' set `true' on input line 15.


Package biblatex Warning: 'babel/polyglossia' detected but 'csquotes' missing.
(biblatex)                Loading 'csquotes' recommended.

\@quotelevel=\count433
\@quotereset=\count434
LaTeX Font Info:    Trying to load font information for T1+lato-TLF on input li
ne 29.
(/home/zeusdric/.miktex/texmfs/install/tex/latex/lato/T1lato-TLF.fd
File: T1lato-TLF.fd 2019/06/24 Font definitions for T1/lato-TLF.
)
LaTeX Font Info:    Font shape `T1/lato-TLF/m/n' will be
(Font)              scaled to size 10.0pt on input line 29.

(/home/zeusdric/Desktop/cvs/CMU-AFRICA/MyResumeFR/resumev2-FR.aux)
\openout1 = `resumev2-FR.aux'.

LaTeX Font Info:    Checking defaults for OML/cmm/m/it on input line 29.
LaTeX Font Info:    ... okay on input line 29.
LaTeX Font Info:    Checking defaults for OMS/cmsy/m/n on input line 29.
LaTeX Font Info:    ... okay on input line 29.
LaTeX Font Info:    Checking defaults for OT1/cmr/m/n on input line 29.
LaTeX Font Info:    ... okay on input line 29.
LaTeX Font Info:    Checking defaults for T1/cmr/m/n on input line 29.
LaTeX Font Info:    ... okay on input line 29.
LaTeX Font Info:    Checking defaults for TS1/cmr/m/n on input line 29.
LaTeX Font Info:    ... okay on input line 29.
LaTeX Font Info:    Checking defaults for OMX/cmex/m/n on input line 29.
LaTeX Font Info:    ... okay on input line 29.
LaTeX Font Info:    Checking defaults for U/cmr/m/n on input line 29.
LaTeX Font Info:    ... okay on input line 29.
LaTeX Font Info:    Checking defaults for PD1/pdf/m/n on input line 29.
LaTeX Font Info:    ... okay on input line 29.
LaTeX Font Info:    Checking defaults for PU/pdf/m/n on input line 29.
LaTeX Font Info:    ... okay on input line 29.

(/home/zeusdric/.miktex/texmfs/install/tex/context/base/mkii/supp-pdf.mkii
[Loading MPS to PDF converter (version 2006.09.02).]
\scratchcounter=\count435
\scratchdimen=\dimen278
\scratchbox=\box73
\nofMPsegments=\count436
\nofMParguments=\count437
\everyMPshowfont=\toks43
\MPscratchCnt=\count438
\MPscratchDim=\dimen279
\MPnumerator=\count439
\makeMPintoPDFobject=\count440
\everyMPtoPDFconversion=\toks44
)
(/home/zeusdric/.miktex/texmfs/install/tex/latex/epstopdf-pkg/epstopdf-base.sty
Package: epstopdf-base 2020-01-24 v2.11 Base part for package epstopdf
Package epstopdf-base Info: Redefining graphics rule for `.eps' on input line 4
85.
)
Package hyperref Info: Link coloring ON on input line 29.
 (/home/zeusdric/.miktex/texmfs/install/tex/latex/hyperref/nameref.sty
Package: nameref 2019/09/16 v2.46 Cross-referencing by name of section

(/home/zeusdric/.miktex/texmfs/install/tex/latex/refcount/refcount.sty
Package: refcount 2019/12/15 v3.6 Data extraction from label references (HO)
)
(/home/zeusdric/.miktex/texmfs/install/tex/generic/gettitlestring/gettitlestrin
g.sty
Package: gettitlestring 2019/12/15 v1.6 Cleanup title references (HO)
)
\c@section@level=\count441
)
LaTeX Info: Redefining \ref on input line 29.
LaTeX Info: Redefining \pageref on input line 29.
LaTeX Info: Redefining \nameref on input line 29.
 (/home/zeusdric/Desktop/cvs/CMU-AFRICA/MyResumeFR/resumev2-FR.out)
(/home/zeusdric/Desktop/cvs/CMU-AFRICA/MyResumeFR/resumev2-FR.out)
\@outlinefile=\write8
\openout8 = `resumev2-FR.out'.


*geometry* driver: auto-detecting
*geometry* detected driver: pdftex
*geometry* verbose mode - [ preamble ] result:
* driver: pdftex
* paper: a4paper
* layout: <same size as paper>
* layoutoffset:(h,v)=(0.0pt,0.0pt)
* modes: 
* h-part:(L,W,R)=(56.9055pt, 256.07481pt, 284.52756pt)
* v-part:(T,H,B)=(35.56593pt, 773.91498pt, 35.56593pt)
* \paperwidth=597.50787pt
* \paperheight=845.04684pt
* \textwidth=256.07481pt
* \textheight=773.91498pt
* \oddsidemargin=-15.36449pt
* \evensidemargin=-15.36449pt
* \topmargin=-73.70406pt
* \headheight=12.0pt
* \headsep=25.0pt
* \topskip=10.0pt
* \footskip=30.0pt
* \marginparwidth=193.47882pt
* \marginparsep=34.14322pt
* \columnsep=10.0pt
* \skip\footins=9.0pt plus 4.0pt minus 2.0pt
* \hoffset=0.0pt
* \voffset=0.0pt
* \mag=1000
* \@twocolumnfalse
* \@twosidefalse
* \@mparswitchfalse
* \@reversemarginfalse
* (1in=72.27pt=25.4mm, 1cm=28.453pt)

ABD: EverySelectfont initializing macros
LaTeX Info: Redefining \selectfont on input line 29.
Package biblatex Info: Trying to load language 'french'...
Package biblatex Info: ... file 'french.lbx' found.

(/usr/local/share/miktex-texmf/tex/latex/biblatex/lbx/french.lbx
File: french.lbx 2020/12/31 v3.16 biblatex localization (PK/MW)
)
Package biblatex Info: Input encoding 'utf8' detected.
Package biblatex Info: Automatic encoding selection.
(biblatex)             Assuming data encoding 'utf8'.
Package biblatex Info: Document encoding is UTF8 ....
Package biblatex Info: ... and expl3
(biblatex)             2021-01-09 L3 programming layer (loader) 
(biblatex)             is new enough (at least 2020/04/06),
(biblatex)             setting 'casechanger=expl3'.

(/usr/local/share/miktex-texmf/tex/latex/biblatex/blx-case-expl3.sty
Package: blx-case-expl3 2020/12/31 v3.16 expl3 case changing code for biblatex
)
\openout7 = `resumev2-FR.bcf'.

Package biblatex Info: Trying to load bibliographic data...
Package biblatex Info: ... file 'resumev2-FR.bbl' found.

(/home/zeusdric/Desktop/cvs/CMU-AFRICA/MyResumeFR/resumev2-FR.bbl)
Package biblatex Info: Reference section=0 on input line 29.
Package biblatex Info: Reference segment=0 on input line 29.
\c@mv@tabular=\count442
\c@mv@boldtabular=\count443
LaTeX Info: Redefining \degres on input line 29.
LaTeX Info: Redefining \dots on input line 29.
Package french.ldf Info: Setting StandardItemizeEnv=true for
(french.ldf)             compatibility with enumitem package,
(french.ldf)             reported on input line 29.
Package french.ldf Info: Setting StandardEnumerateEnv=true for
(french.ldf)             compatibility with enumitem package,
(french.ldf)             reported on input line 29.
LaTeX Info: Redefining \up on input line 29.
LaTeX Font Info:    Font shape `T1/lato-TLF/m/n' will be
(Font)              scaled to size 24.88pt on input line 50.
LaTeX Font Info:    Font shape `T1/lato-TLF/b/n' will be
(Font)              scaled to size 24.88pt on input line 50.
LaTeX Font Info:    Font shape `T1/lato-TLF/m/n' will be
(Font)              scaled to size 12.0pt on input line 50.
LaTeX Font Info:    Font shape `T1/lato-TLF/b/n' will be
(Font)              scaled to size 12.0pt on input line 50.
LaTeX Font Info:    Font shape `T1/lato-TLF/m/n' will be
(Font)              scaled to size 8.0pt on input line 50.
LaTeX Font Info:    Font shape `T1/lato-TLF/b/n' will be
(Font)              scaled to size 8.0pt on input line 50.
LaTeX Font Info:    Trying to load font information for U+fontawesomefree0 on i
nput line 50.

(/home/zeusdric/.miktex/texmfs/install/tex/latex/fontawesome5/ufontawesomefree0
.fd)
LaTeX Font Info:    Trying to load font information for U+fontawesomefree2 on i
nput line 50.

(/home/zeusdric/.miktex/texmfs/install/tex/latex/fontawesome5/ufontawesomefree2
.fd)
LaTeX Font Info:    Trying to load font information for U+fontawesomebrands0 on
 input line 50.

(/home/zeusdric/.miktex/texmfs/install/tex/latex/fontawesome5/ufontawesomebrand
s0.fd)
LaTeX Font Info:    Font shape `U/fontawesomebrands0/solid/n' in size <8> not a
vailable
(Font)              Font shape `U/fontawesomebrands0/regular/n' tried instead o
n input line 50.
LaTeX Font Info:    Trying to load font information for U+fontawesomefree1 on i
nput line 50.

(/home/zeusdric/.miktex/texmfs/install/tex/latex/fontawesome5/ufontawesomefree1
.fd)<<ot1.cmap>><<oml.cmap>><<oms.cmap>>
LaTeX Font Info:    External font `cmex10' loaded for size
(Font)              <7> on input line 50.
<<omx.cmap>>
LaTeX Font Info:    External font `cmex10' loaded for size
(Font)              <5> on input line 50.
<profile.jpeg, id=18, 754.82pt x 694.595pt>
File: profile.jpeg Graphic file (type jpg)
<use profile.jpeg>
Package pdftex.def Info: profile.jpeg  used on input line 50.
(pdftex.def)             Requested size: 754.81818pt x 694.5933pt.

(/home/zeusdric/Desktop/cvs/CMU-AFRICA/MyResumeFR/page1sidebar.tex
LaTeX Font Info:    Font shape `T1/lato-TLF/m/n' will be
(Font)              scaled to size 17.28pt on input line 1.
LaTeX Font Info:    Font shape `T1/lato-TLF/b/n' will be
(Font)              scaled to size 17.28pt on input line 1.
LaTeX Font Info:    Font shape `T1/lato-TLF/m/it' will be
(Font)              scaled to size 10.0pt on input line 3.
LaTeX Font Info:    Font shape `T1/lato-TLF/m/it' will be
(Font)              scaled to size 12.0pt on input line 3.
LaTeX Font Info:    Font shape `T1/lato-TLF/b/it' will be
(Font)              scaled to size 10.0pt on input line 6.

Overfull \hbox (1.59999pt too wide) in paragraph at lines 14--14
[]|[]| 
 []

LaTeX Font Info:    Font shape `T1/lato-TLF/m/n' will be
(Font)              scaled to size 9.0pt on input line 53.
LaTeX Font Info:    Trying to load font information for TS1+lato-TLF on input l
ine 54.
(/home/zeusdric/.miktex/texmfs/install/tex/latex/lato/TS1lato-TLF.fd
File: TS1lato-TLF.fd 2019/06/24 Font definitions for TS1/lato-TLF.
)
LaTeX Font Info:    Font shape `TS1/lato-TLF/m/n' will be
(Font)              scaled to size 9.0pt on input line 54.
LaTeX Font Info:    Font shape `T1/lato-TLF/b/n' will be
(Font)              scaled to size 9.0pt on input line 54.
LaTeX Font Info:    Font shape `T1/lato-TLF/b/it' will be
(Font)              scaled to size 9.0pt on input line 67.
)
Overfull \hbox (12.64665pt too wide) in paragraph at lines 67--68
[]\T1/lato-TLF/m/n/9 Deployed the machine leaning model to an edge device (Rasp
bery 
 []


Overfull \hbox (3.73212pt too wide) in paragraph at lines 74--75
\T1/lato-TLF/m/n/9 (username : []\T1/lato-TLF/b/n/9 I_am_Zeus_AI[]\T1/lato-TLF/
m/n/9 ), Top 100 among zindi data scientists  
 []


Overfull \hbox (21.31815pt too wide) in paragraph at lines 75--76
[]\T1/lato-TLF/m/n/9 Co-lead of the platform development group (updates/improve
ments 
 []

LaTeX Font Info:    External font `cmex10' loaded for size
(Font)              <9> on input line 90.
LaTeX Font Info:    External font `cmex10' loaded for size
(Font)              <6> on input line 90.
LaTeX Font Info:    Font shape `T1/lato-TLF/b/n' will be
(Font)              scaled to size 6.0pt on input line 90.

Overfull \hbox (4.74907pt too wide) in paragraph at lines 90--91
[]\T1/lato-TLF/m/n/9 Classified audio utterances in Luganda and English from Ug
anda  
 []


Overfull \hbox (2.46313pt too wide) in paragraph at lines 124--125
[]\T1/lato-TLF/m/n/9 Knowledge sharing, motivation, mentoring, community buildi
ng 
 []


Overfull \hbox (9.23552pt too wide) in paragraph at lines 125--126
[]\T1/lato-TLF/m/n/9 Artificial Intelligence research, reading scientific paper
s, teaching, 
 []

[1

 </home/zeusdric/Desktop/cvs/CMU-AFRICA/MyResumeFR/profile.jpeg>]
(/home/zeusdric/Desktop/cvs/CMU-AFRICA/MyResumeFR/resumev2-FR.aux)

LaTeX Warning: There were undefined references.

Package rerunfilecheck Info: File `resumev2-FR.out' has not changed.
(rerunfilecheck)             Checksum: D41D8CD98F00B204E9800998ECF8427E;0.

Package biblatex Warning: Please (re)run Biber on the file:
(biblatex)                resumev2-FR
(biblatex)                and rerun LaTeX afterwards.

Package logreq Info: Writing requests to 'resumev2-FR.run.xml'.
\openout1 = `resumev2-FR.run.xml'.

 ) 
Here is how much of TeX's memory you used:
 39120 strings out of 481551
 747782 string characters out of 2916349
 1465736 words of memory out of 3000000
 55391 multiletter control sequences out of 15000+200000
 809854 words of font info for 74 fonts, out of 3000000 for 9000
 0 hyphenation exceptions out of 8191
 128i,12n,130p,1185b,2369s stack positions out of 5000i,500n,10000p,200000b,50000s
{/home/zeusdric/.miktex/texmfs/install/fonts/enc/dvips/lato/a_rt66h3.enc}{/ho
me/zeusdric/.miktex/texmfs/install/fonts/enc/dvips/lato/a_cl4kdn.enc}{/home/zeu
sdric/.miktex/texmfs/install/fonts/enc/dvips/fontawesome5/fa5free1.enc}{/home/z
eusdric/.miktex/texmfs/install/fonts/enc/dvips/fontawesome5/fa5brands0.enc}{/ho
me/zeusdric/.miktex/texmfs/install/fonts/enc/dvips/fontawesome5/fa5free2.enc}{/
home/zeusdric/.miktex/texmfs/install/fonts/enc/dvips/fontawesome5/fa5free0.enc}
</home/zeusdric/.miktex/texmfs/install/fonts/type1/public/fontawesome5/FontAwes
ome5Brands-Regular.pfb></home/zeusdric/.miktex/texmfs/install/fonts/type1/publi
c/fontawesome5/FontAwesome5Free-Solid.pfb></home/zeusdric/.miktex/texmfs/instal
l/fonts/type1/typoland/lato/Lato-Bold.pfb></home/zeusdric/.miktex/texmfs/instal
l/fonts/type1/typoland/lato/Lato-BoldItalic.pfb></home/zeusdric/.miktex/texmfs/
install/fonts/type1/typoland/lato/Lato-Italic.pfb></home/zeusdric/.miktex/texmf
s/install/fonts/type1/typoland/lato/Lato-Regular.pfb>
Output written on /home/zeusdric/Desktop/cvs/CMU-AFRICA/MyResumeFR/resumev2-FR.
pdf (1 page, 255598 bytes).
PDF statistics:
 78 PDF objects out of 1000 (max. 8388607)
 2 named destinations out of 1000 (max. 500000)
 50 words of extra memory for PDF output out of 10000 (max. 10000000)

